{"meta": {"format": 3, "version": "7.15.2", "timestamp": "2026-07-31T09:36:34.344119", "branch_coverage": false, "show_contexts": false}, "files": {"aimarket_bridges/__init__.py": {"executed_lines": [23, 25, 26, 32, 33, 35, 51], "summary": {"covered_lines": 7, "num_statements": 7, "percent_covered": 100.0, "percent_covered_display": "100", "missing_lines": 0, "excluded_lines": 0, "percent_statements_covered": 100.0, "percent_statements_covered_display": "100"}, "missing_lines": [], "excluded_lines": [], "functions": {"": {"executed_lines": [23, 25, 26, 32, 33, 35, 51], "summary": {"covered_lines": 7, "num_statements": 7, "percent_covered": 100.0, "percent_covered_display": "100", "missing_lines": 0, "excluded_lines": 0, "percent_statements_covered": 100.0, "percent_statements_covered_display": "100"}, "missing_lines": [], "excluded_lines": [], "start_line": 1}}, "classes": {"": {"executed_lines": [23, 25, 26, 32, 33, 35, 51], "summary": {"covered_lines": 7, "num_statements": 7, "percent_covered": 100.0, "percent_covered_display": "100", "missing_lines": 0, "excluded_lines": 0, "percent_statements_covered": 100.0, "percent_statements_covered_display": "100"}, "missing_lines": [], "excluded_lines": [], "start_line": 1}}}, "aimarket_bridges/autogen.py": {"executed_lines": [54, 56, 57, 58, 59, 60, 61, 63, 64, 65, 67, 68, 70, 79, 80, 81, 84, 87, 88, 89, 92, 96, 99, 114, 115, 116, 117, 118, 119, 121, 124, 133, 134, 135, 136, 137, 138, 141, 142, 145, 146, 148, 150, 151, 152, 155, 156, 158, 159, 160, 172, 175, 182, 183, 186, 188, 198, 212, 224, 232, 233, 237, 238, 240, 244, 245, 249, 250, 262, 263, 265, 266, 267, 273, 274, 275, 282, 285, 286, 288, 301, 302, 303, 307, 308, 310, 333, 340, 346, 350, 360, 363, 364, 367, 368, 369, 374, 408, 409, 414, 424, 429, 434, 437, 439, 440, 441, 442, 443, 444, 445, 450, 454], "summary": {"covered_lines": 113, "num_statements": 117, "percent_covered": 96.58119658119658, "percent_covered_display": "97", "missing_lines": 4, "excluded_lines": 0, "percent_statements_covered": 96.58119658119658, "percent_statements_covered_display": "97"}, "missing_lines": [192, 361, 370, 371], "excluded_lines": [], "functions": {"_executor": {"executed_lines": [87, 88, 89, 92], "summary": {"covered_lines": 4, "num_statements": 4, "percent_covered": 100.0, "percent_covered_display": "100", "missing_lines": 0, "excluded_lines": 0, "percent_statements_covered": 100.0, "percent_statements_covered_display": "100"}, "missing_lines": [], "excluded_lines": [], "start_line": 84}, "_forget_cancel_callback": {"executed_lines": [114, 115, 116, 117, 118, 119, 121], "summary": {"covered_lines": 7, "num_statements": 7, "percent_covered": 100.0, "percent_covered_display": "100", "missing_lines": 0, "excluded_lines": 0, "percent_statements_covered": 100.0, "percent_statements_covered_display": "100"}, "missing_lines": [], "excluded_lines": [], "start_line": 99}, "CapabilityResult.for_model": {"executed_lines": [150, 151, 152, 155, 156], "summary": {"covered_lines": 5, "num_statements": 5, "percent_covered": 100.0, "percent_covered_display": "100", "missing_lines": 0, "excluded_lines": 0, "percent_statements_covered": 100.0, "percent_statements_covered_display": "100"}, "missing_lines": [], "excluded_lines": [], "start_line": 148}, "CapabilityResult.from_invoke": {"executed_lines": [160], "summary": {"covered_lines": 1, "num_statements": 1, "percent_covered": 100.0, "percent_covered_display": "100", "missing_lines": 0, "excluded_lines": 0, "percent_statements_covered": 100.0, "percent_statements_covered_display": "100"}, "missing_lines": [], "excluded_lines": [], "start_line": 159}, "AIMarketTool.__init__": {"executed_lines": [182, 183, 186, 188, 198], "summary": {"covered_lines": 5, "num_statements": 6, "percent_covered": 83.33333333333333, "percent_covered_display": "83", "missing_lines": 1, "excluded_lines": 0, "percent_statements_covered": 83.33333333333333, "percent_statements_covered_display": "83"}, "missing_lines": [192], "excluded_lines": [], "start_line": 175}, "AIMarketTool.run": {"executed_lines": [224, 232, 233, 237, 238, 240, 244, 245, 249, 250, 262, 263, 265, 266, 267, 273, 274, 275, 282, 285, 286, 288, 301, 302, 303, 307, 308], "summary": {"covered_lines": 27, "num_statements": 27, "percent_covered": 100.0, "percent_covered_display": "100", "missing_lines": 0, "excluded_lines": 0, "percent_statements_covered": 100.0, "percent_statements_covered_display": "100"}, "missing_lines": [], "excluded_lines": [], "start_line": 212}, "AIMarketTool._payload": {"executed_lines": [333, 340, 346], "summary": {"covered_lines": 3, "num_statements": 3, "percent_covered": 100.0, "percent_covered_display": "100", "missing_lines": 0, "excluded_lines": 0, "percent_statements_covered": 100.0, "percent_statements_covered_display": "100"}, "missing_lines": [], "excluded_lines": [], "start_line": 310}, "AIMarketTool.return_value_as_string": {"executed_lines": [360, 363, 364, 367, 368, 369], "summary": {"covered_lines": 6, "num_statements": 9, "percent_covered": 66.66666666666667, "percent_covered_display": "67", "missing_lines": 3, "excluded_lines": 0, "percent_statements_covered": 66.66666666666667, "percent_statements_covered_display": "67"}, "missing_lines": [361, 370, 371], "excluded_lines": [], "start_line": 350}, "aimarket_tools": {"executed_lines": [408, 409, 414, 424, 429, 434, 437, 439, 440, 441, 442, 443, 444, 445, 450, 454], "summary": {"covered_lines": 16, "num_statements": 16, "percent_covered": 100.0, "percent_covered_display": "100", "missing_lines": 0, "excluded_lines": 0, "percent_statements_covered": 100.0, "percent_statements_covered_display": "100"}, "missing_lines": [], "excluded_lines": [], "start_line": 374}, "": {"executed_lines": [54, 56, 57, 58, 59, 60, 61, 63, 64, 65, 67, 68, 70, 79, 80, 81, 84, 96, 99, 124, 133, 134, 135, 136, 137, 138, 141, 142, 145, 146, 148, 158, 159, 172, 175, 212, 310, 350, 374], "summary": {"covered_lines": 39, "num_statements": 39, "percent_covered": 100.0, "percent_covered_display": "100", "missing_lines": 0, "excluded_lines": 0, "percent_statements_covered": 100.0, "percent_statements_covered_display": "100"}, "missing_lines": [], "excluded_lines": [], "start_line": 1}}, "classes": {"CapabilityResult": {"executed_lines": [150, 151, 152, 155, 156, 160], "summary": {"covered_lines": 6, "num_statements": 6, "percent_covered": 100.0, "percent_covered_display": "100", "missing_lines": 0, "excluded_lines": 0, "percent_statements_covered": 100.0, "percent_statements_covered_display": "100"}, "missing_lines": [], "excluded_lines": [], "start_line": 124}, "AIMarketTool": {"executed_lines": [182, 183, 186, 188, 198, 224, 232, 233, 237, 238, 240, 244, 245, 249, 250, 262, 263, 265, 266, 267, 273, 274, 275, 282, 285, 286, 288, 301, 302, 303, 307, 308, 333, 340, 346, 360, 363, 364, 367, 368, 369], "summary": {"covered_lines": 41, "num_statements": 45, "percent_covered": 91.11111111111111, "percent_covered_display": "91", "missing_lines": 4, "excluded_lines": 0, "percent_statements_covered": 91.11111111111111, "percent_statements_covered_display": "91"}, "missing_lines": [192, 361, 370, 371], "excluded_lines": [], "start_line": 172}, "": {"executed_lines": [54, 56, 57, 58, 59, 60, 61, 63, 64, 65, 67, 68, 70, 79, 80, 81, 84, 87, 88, 89, 92, 96, 99, 114, 115, 116, 117, 118, 119, 121, 124, 133, 134, 135, 136, 137, 138, 141, 142, 145, 146, 148, 158, 159, 172, 175, 212, 310, 350, 374, 408, 409, 414, 424, 429, 434, 437, 439, 440, 441, 442, 443, 444, 445, 450, 454], "summary": {"covered_lines": 66, "num_statements": 66, "percent_covered": 100.0, "percent_covered_display": "100", "missing_lines": 0, "excluded_lines": 0, "percent_statements_covered": 100.0, "percent_statements_covered_display": "100"}, "missing_lines": [], "excluded_lines": [], "start_line": 1}}}, "aimarket_bridges/catalog.py": {"executed_lines": [18, 20, 21, 22, 23, 24, 26, 28, 30, 32, 34, 35, 37, 38, 47, 49, 52, 57, 61, 64, 75, 82, 83, 85, 86, 87, 88, 89, 90, 93, 94, 95, 96, 97, 98, 102, 103, 106, 107, 108, 109, 110, 111, 112, 113, 114, 117, 119, 120, 121, 123, 125, 127, 152, 153, 154, 155, 156, 157, 158, 159, 162, 168, 169, 170, 171, 172, 173, 174, 175, 176, 177, 178, 179, 180, 183, 192, 193, 196, 197, 198, 199, 200, 201, 204, 205, 206, 209, 210, 212, 213, 216, 217, 218, 222, 224, 225, 232, 233, 237, 251, 272, 273, 274, 276, 277, 278, 279, 280, 281, 282, 283, 287, 291, 292, 293, 294, 295, 297, 298, 299, 304, 305, 306, 311, 312, 313, 315, 316, 317, 318, 319, 320, 321, 322, 323, 325, 326, 327, 328, 331, 337, 338, 340, 341, 342, 343, 345, 346, 347, 349, 353, 360, 361, 362, 363, 364, 365, 366, 367, 368, 369, 371], "summary": {"covered_lines": 163, "num_statements": 173, "percent_covered": 94.21965317919076, "percent_covered_display": "94", "missing_lines": 10, "excluded_lines": 0, "percent_statements_covered": 94.21965317919076, "percent_statements_covered_display": "94"}, "missing_lines": [84, 99, 194, 195, 214, 226, 234, 235, 350, 370], "excluded_lines": [], "functions": {"tool_name_for": {"executed_lines": [82, 83, 85, 86, 87, 88, 89, 90, 93, 94, 95, 96, 97, 98], "summary": {"covered_lines": 14, "num_statements": 16, "percent_covered": 87.5, "percent_covered_display": "88", "missing_lines": 2, "excluded_lines": 0, "percent_statements_covered": 87.5, "percent_statements_covered_display": "88"}, "missing_lines": [84, 99], "excluded_lines": [], "start_line": 75}, "Capability.is_free": {"executed_lines": [121], "summary": {"covered_lines": 1, "num_statements": 1, "percent_covered": 100.0, "percent_covered_display": "100", "missing_lines": 0, "excluded_lines": 0, "percent_statements_covered": 100.0, "percent_statements_covered_display": "100"}, "missing_lines": [], "excluded_lines": [], "start_line": 120}, "Capability.args_model": {"executed_lines": [125], "summary": {"covered_lines": 1, "num_statements": 1, "percent_covered": 100.0, "percent_covered_display": "100", "missing_lines": 0, "excluded_lines": 0, "percent_statements_covered": 100.0, "percent_statements_covered_display": "100"}, "missing_lines": [], "excluded_lines": [], "start_line": 123}, "Capability.tool_description": {"executed_lines": [152, 153, 154, 155, 156, 157, 158, 159], "summary": {"covered_lines": 8, "num_statements": 8, "percent_covered": 100.0, "percent_covered_display": "100", "missing_lines": 0, "excluded_lines": 0, "percent_statements_covered": 100.0, "percent_statements_covered_display": "100"}, "missing_lines": [], "excluded_lines": [], "start_line": 127}, "_schema_depth": {"executed_lines": [168, 169, 170, 171, 172, 173, 174, 175, 176, 177, 178, 179, 180], "summary": {"covered_lines": 13, "num_statements": 13, "percent_covered": 100.0, "percent_covered_display": "100", "missing_lines": 0, "excluded_lines": 0, "percent_statements_covered": 100.0, "percent_statements_covered_display": "100"}, "missing_lines": [], "excluded_lines": [], "start_line": 162}, "_schema_is_usable": {"executed_lines": [192, 193, 196, 197, 198, 199, 200, 201], "summary": {"covered_lines": 8, "num_statements": 10, "percent_covered": 80.0, "percent_covered_display": "80", "missing_lines": 2, "excluded_lines": 0, "percent_statements_covered": 80.0, "percent_statements_covered_display": "80"}, "missing_lines": [194, 195], "excluded_lines": [], "start_line": 183}, "_record_to_capability": {"executed_lines": [205, 206, 209, 210, 212, 213, 216, 217, 218, 222, 224, 225, 232, 233, 237], "summary": {"covered_lines": 15, "num_statements": 19, "percent_covered": 78.94736842105263, "percent_covered_display": "79", "missing_lines": 4, "excluded_lines": 0, "percent_statements_covered": 78.94736842105263, "percent_statements_covered_display": "79"}, "missing_lines": [214, 226, 234, 235], "excluded_lines": [], "start_line": 204}, "fetch_catalog": {"executed_lines": [272, 273, 274, 276, 277, 278, 279, 280, 281, 282, 283, 287, 291, 292, 293, 294, 295, 297, 298, 299, 304, 305, 306, 311, 312, 313, 315, 316, 317, 318, 319, 320, 321, 322, 323, 325, 326, 327, 328, 331, 337, 338, 340, 341, 342, 343, 345, 346, 347, 349], "summary": {"covered_lines": 50, "num_statements": 51, "percent_covered": 98.03921568627452, "percent_covered_display": "98", "missing_lines": 1, "excluded_lines": 0, "percent_statements_covered": 98.03921568627452, "percent_statements_covered_display": "98"}, "missing_lines": [350], "excluded_lines": [], "start_line": 251}, "_ranked_capability_ids": {"executed_lines": [360, 361, 362, 363, 364, 365, 366, 367, 368, 369, 371], "summary": {"covered_lines": 11, "num_statements": 12, "percent_covered": 91.66666666666667, "percent_covered_display": "92", "missing_lines": 1, "excluded_lines": 0, "percent_statements_covered": 91.66666666666667, "percent_statements_covered_display": "92"}, "missing_lines": [370], "excluded_lines": [], "start_line": 353}, "": {"executed_lines": [18, 20, 21, 22, 23, 24, 26, 28, 30, 32, 34, 35, 37, 38, 47, 49, 52, 57, 61, 64, 75, 102, 103, 106, 107, 108, 109, 110, 111, 112, 113, 114, 117, 119, 120, 123, 127, 162, 183, 204, 251, 353], "summary": {"covered_lines": 42, "num_statements": 42, "percent_covered": 100.0, "percent_covered_display": "100", "missing_lines": 0, "excluded_lines": 0, "percent_statements_covered": 100.0, "percent_statements_covered_display": "100"}, "missing_lines": [], "excluded_lines": [], "start_line": 1}}, "classes": {"CatalogError": {"executed_lines": [], "summary": {"covered_lines": 0, "num_statements": 0, "percent_covered": 100.0, "percent_covered_display": "100", "missing_lines": 0, "excluded_lines": 0, "percent_statements_covered": 100.0, "percent_statements_covered_display": "100"}, "missing_lines": [], "excluded_lines": [], "start_line": 64}, "Capability": {"executed_lines": [121, 125, 152, 153, 154, 155, 156, 157, 158, 159], "summary": {"covered_lines": 10, "num_statements": 10, "percent_covered": 100.0, "percent_covered_display": "100", "missing_lines": 0, "excluded_lines": 0, "percent_statements_covered": 100.0, "percent_statements_covered_display": "100"}, "missing_lines": [], "excluded_lines": [], "start_line": 103}, "": {"executed_lines": [18, 20, 21, 22, 23, 24, 26, 28, 30, 32, 34, 35, 37, 38, 47, 49, 52, 57, 61, 64, 75, 82, 83, 85, 86, 87, 88, 89, 90, 93, 94, 95, 96, 97, 98, 102, 103, 106, 107, 108, 109, 110, 111, 112, 113, 114, 117, 119, 120, 123, 127, 162, 168, 169, 170, 171, 172, 173, 174, 175, 176, 177, 178, 179, 180, 183, 192, 193, 196, 197, 198, 199, 200, 201, 204, 205, 206, 209, 210, 212, 213, 216, 217, 218, 222, 224, 225, 232, 233, 237, 251, 272, 273, 274, 276, 277, 278, 279, 280, 281, 282, 283, 287, 291, 292, 293, 294, 295, 297, 298, 299, 304, 305, 306, 311, 312, 313, 315, 316, 317, 318, 319, 320, 321, 322, 323, 325, 326, 327, 328, 331, 337, 338, 340, 341, 342, 343, 345, 346, 347, 349, 353, 360, 361, 362, 363, 364, 365, 366, 367, 368, 369, 371], "summary": {"covered_lines": 153, "num_statements": 163, "percent_covered": 93.86503067484662, "percent_covered_display": "94", "missing_lines": 10, "excluded_lines": 0, "percent_statements_covered": 93.86503067484662, "percent_statements_covered_display": "94"}, "missing_lines": [84, 99, 194, 195, 214, 226, 234, 235, 350, 370], "excluded_lines": [], "start_line": 1}}}, "aimarket_bridges/client.py": {"executed_lines": [22, 24, 25, 26, 27, 28, 29, 31, 32, 34, 36, 39, 55, 58, 59, 62, 65, 69, 73, 74, 81, 82, 83, 86, 87, 88, 89, 90, 91, 93, 100, 101, 102, 106, 107, 110, 118, 128, 129, 130, 133, 134, 135, 136, 137, 138, 139, 141, 142, 143, 144, 145, 150, 167, 168, 169, 173, 174, 175, 176, 178, 179, 181, 182, 183, 184, 186, 196, 197, 198, 199, 200, 201, 208, 210, 212, 213, 217, 219, 220, 221, 223, 224, 230, 231, 232, 233, 237, 238, 239, 240, 253, 257, 258, 268, 269, 270, 271, 278, 289, 290, 291, 292, 308, 324, 325, 326, 327, 332, 333, 334, 338, 339, 340, 344, 345, 352, 353, 370, 380, 386, 389], "summary": {"covered_lines": 122, "num_statements": 128, "percent_covered": 95.3125, "percent_covered_display": "95", "missing_lines": 6, "excluded_lines": 2, "percent_statements_covered": 95.3125, "percent_statements_covered_display": "95"}, "missing_lines": [381, 382, 383, 384, 387, 390], "excluded_lines": [146, 147], "functions": {"_visitor_id": {"executed_lines": [55, 58, 59, 62], "summary": {"covered_lines": 4, "num_statements": 4, "percent_covered": 100.0, "percent_covered_display": "100", "missing_lines": 0, "excluded_lines": 0, "percent_statements_covered": 100.0, "percent_statements_covered_display": "100"}, "missing_lines": [], "excluded_lines": [], "start_line": 39}, "InvokeResult.for_model": {"executed_lines": [100, 101, 102, 106, 107], "summary": {"covered_lines": 5, "num_statements": 5, "percent_covered": 100.0, "percent_covered_display": "100", "missing_lines": 0, "excluded_lines": 0, "percent_statements_covered": 100.0, "percent_statements_covered_display": "100"}, "missing_lines": [], "excluded_lines": [], "start_line": 93}, "HubClient.__init__": {"executed_lines": [128, 129, 130, 133, 134, 135, 136, 137, 138, 139, 141, 142, 143, 144, 145, 150, 167, 168, 169], "summary": {"covered_lines": 19, "num_statements": 19, "percent_covered": 100.0, "percent_covered_display": "100", "missing_lines": 0, "excluded_lines": 2, "percent_statements_covered": 100.0, "percent_statements_covered_display": "100"}, "missing_lines": [], "excluded_lines": [146, 147], "start_line": 118}, "HubClient.spent_usd": {"executed_lines": [175, 176], "summary": {"covered_lines": 2, "num_statements": 2, "percent_covered": 100.0, "percent_covered_display": "100", "missing_lines": 0, "excluded_lines": 0, "percent_statements_covered": 100.0, "percent_statements_covered_display": "100"}, "missing_lines": [], "excluded_lines": [], "start_line": 174}, "HubClient.remaining_usd": {"executed_lines": [181, 182, 183, 184], "summary": {"covered_lines": 4, "num_statements": 4, "percent_covered": 100.0, "percent_covered_display": "100", "missing_lines": 0, "excluded_lines": 0, "percent_statements_covered": 100.0, "percent_statements_covered_display": "100"}, "missing_lines": [], "excluded_lines": [], "start_line": 179}, "HubClient._reserve": {"executed_lines": [196, 197, 198, 199, 200, 201, 208], "summary": {"covered_lines": 7, "num_statements": 7, "percent_covered": 100.0, "percent_covered_display": "100", "missing_lines": 0, "excluded_lines": 0, "percent_statements_covered": 100.0, "percent_statements_covered_display": "100"}, "missing_lines": [], "excluded_lines": [], "start_line": 186}, "HubClient._refund": {"executed_lines": [212, 213], "summary": {"covered_lines": 2, "num_statements": 2, "percent_covered": 100.0, "percent_covered_display": "100", "missing_lines": 0, "excluded_lines": 0, "percent_statements_covered": 100.0, "percent_statements_covered_display": "100"}, "missing_lines": [], "excluded_lines": [], "start_line": 210}, "HubClient.invoke": {"executed_lines": [219, 220, 221, 223, 224, 230, 231, 232, 233, 237, 238, 239, 240, 253, 257, 258, 268, 269, 270, 271, 278, 289, 290, 291, 292, 308, 324, 325, 326, 327, 332, 333, 334, 338, 339, 340, 344, 345, 352, 353, 370], "summary": {"covered_lines": 41, "num_statements": 41, "percent_covered": 100.0, "percent_covered_display": "100", "missing_lines": 0, "excluded_lines": 0, "percent_statements_covered": 100.0, "percent_statements_covered_display": "100"}, "missing_lines": [], "excluded_lines": [], "start_line": 217}, "HubClient.close": {"executed_lines": [], "summary": {"covered_lines": 0, "num_statements": 4, "percent_covered": 0.0, "percent_covered_display": "0", "missing_lines": 4, "excluded_lines": 0, "percent_statements_covered": 0.0, "percent_statements_covered_display": "0"}, "missing_lines": [381, 382, 383, 384], "excluded_lines": [], "start_line": 380}, "HubClient.__enter__": {"executed_lines": [], "summary": {"covered_lines": 0, "num_statements": 1, "percent_covered": 0.0, "percent_covered_display": "0", "missing_lines": 1, "excluded_lines": 0, "percent_statements_covered": 0.0, "percent_statements_covered_display": "0"}, "missing_lines": [387], "excluded_lines": [], "start_line": 386}, "HubClient.__exit__": {"executed_lines": [], "summary": {"covered_lines": 0, "num_statements": 1, "percent_covered": 0.0, "percent_covered_display": "0", "missing_lines": 1, "excluded_lines": 0, "percent_statements_covered": 0.0, "percent_statements_covered_display": "0"}, "missing_lines": [390], "excluded_lines": [], "start_line": 389}, "": {"executed_lines": [22, 24, 25, 26, 27, 28, 29, 31, 32, 34, 36, 39, 65, 69, 73, 74, 81, 82, 83, 86, 87, 88, 89, 90, 91, 93, 110, 118, 173, 174, 178, 179, 186, 210, 217, 380, 386, 389], "summary": {"covered_lines": 38, "num_statements": 38, "percent_covered": 100.0, "percent_covered_display": "100", "missing_lines": 0, "excluded_lines": 0, "percent_statements_covered": 100.0, "percent_statements_covered_display": "100"}, "missing_lines": [], "excluded_lines": [], "start_line": 1}}, "classes": {"HubUnavailable": {"executed_lines": [], "summary": {"covered_lines": 0, "num_statements": 0, "percent_covered": 100.0, "percent_covered_display": "100", "missing_lines": 0, "excluded_lines": 0, "percent_statements_covered": 100.0, "percent_statements_covered_display": "100"}, "missing_lines": [], "excluded_lines": [], "start_line": 65}, "BudgetExceeded": {"executed_lines": [], "summary": {"covered_lines": 0, "num_statements": 0, "percent_covered": 100.0, "percent_covered_display": "100", "missing_lines": 0, "excluded_lines": 0, "percent_statements_covered": 100.0, "percent_statements_covered_display": "100"}, "missing_lines": [], "excluded_lines": [], "start_line": 69}, "InvokeResult": {"executed_lines": [100, 101, 102, 106, 107], "summary": {"covered_lines": 5, "num_statements": 5, "percent_covered": 100.0, "percent_covered_display": "100", "missing_lines": 0, "excluded_lines": 0, "percent_statements_covered": 100.0, "percent_statements_covered_display": "100"}, "missing_lines": [], "excluded_lines": [], "start_line": 74}, "HubClient": {"executed_lines": [128, 129, 130, 133, 134, 135, 136, 137, 138, 139, 141, 142, 143, 144, 145, 150, 167, 168, 169, 175, 176, 181, 182, 183, 184, 196, 197, 198, 199, 200, 201, 208, 212, 213, 219, 220, 221, 223, 224, 230, 231, 232, 233, 237, 238, 239, 240, 253, 257, 258, 268, 269, 270, 271, 278, 289, 290, 291, 292, 308, 324, 325, 326, 327, 332, 333, 334, 338, 339, 340, 344, 345, 352, 353, 370], "summary": {"covered_lines": 75, "num_statements": 81, "percent_covered": 92.5925925925926, "percent_covered_display": "93", "missing_lines": 6, "excluded_lines": 2, "percent_statements_covered": 92.5925925925926, "percent_statements_covered_display": "93"}, "missing_lines": [381, 382, 383, 384, 387, 390], "excluded_lines": [146, 147], "start_line": 110}, "": {"executed_lines": [22, 24, 25, 26, 27, 28, 29, 31, 32, 34, 36, 39, 55, 58, 59, 62, 65, 69, 73, 74, 81, 82, 83, 86, 87, 88, 89, 90, 91, 93, 110, 118, 173, 174, 178, 179, 186, 210, 217, 380, 386, 389], "summary": {"covered_lines": 42, "num_statements": 42, "percent_covered": 100.0, "percent_covered_display": "100", "missing_lines": 0, "excluded_lines": 0, "percent_statements_covered": 100.0, "percent_statements_covered_display": "100"}, "missing_lines": [], "excluded_lines": [], "start_line": 1}}}, "aimarket_bridges/crewai.py": {"executed_lines": [56, 58, 59, 60, 61, 63, 64, 65, 66, 68, 69, 75, 77, 79, 82, 108, 111, 121, 123, 128, 130, 131, 132, 133, 134, 135, 136, 139, 150, 151, 152, 153, 154, 157, 164, 165, 166, 167, 168, 170, 171, 175, 177, 178, 179, 180, 181, 182, 183, 184, 187, 201, 212, 213, 215, 216, 236, 245, 257, 286, 287, 299, 305, 307, 309, 316, 318, 319, 320, 324, 325, 330, 343, 344, 347, 354, 355, 359, 363, 365, 375, 376, 377, 380, 383, 422, 423, 432, 433, 434, 438, 440, 441, 442, 443, 445, 450, 455, 457, 467, 476, 477, 478, 479, 480, 481, 482, 483, 484, 485, 489, 490, 500, 501, 502, 506, 508, 509, 514], "summary": {"covered_lines": 119, "num_statements": 125, "percent_covered": 95.2, "percent_covered_display": "95", "missing_lines": 6, "excluded_lines": 2, "percent_statements_covered": 95.2, "percent_statements_covered_display": "95"}, "missing_lines": [122, 240, 439, 461, 496, 507], "excluded_lines": [378, 379], "functions": {"never_cache": {"executed_lines": [108], "summary": {"covered_lines": 1, "num_statements": 1, "percent_covered": 100.0, "percent_covered_display": "100", "missing_lines": 0, "excluded_lines": 0, "percent_statements_covered": 100.0, "percent_statements_covered_display": "100"}, "missing_lines": [], "excluded_lines": [], "start_line": 82}, "_branches": {"executed_lines": [121, 123], "summary": {"covered_lines": 2, "num_statements": 3, "percent_covered": 66.66666666666667, "percent_covered_display": "67", "missing_lines": 1, "excluded_lines": 0, "percent_statements_covered": 66.66666666666667, "percent_statements_covered_display": "67"}, "missing_lines": [122], "excluded_lines": [], "start_line": 111}, "_declared": {"executed_lines": [130, 131, 132, 133, 134, 135, 136], "summary": {"covered_lines": 7, "num_statements": 7, "percent_covered": 100.0, "percent_covered_display": "100", "missing_lines": 0, "excluded_lines": 0, "percent_statements_covered": 100.0, "percent_statements_covered_display": "100"}, "missing_lines": [], "excluded_lines": [], "start_line": 128}, "_item_spec": {"executed_lines": [150, 151, 152, 153, 154], "summary": {"covered_lines": 5, "num_statements": 5, "percent_covered": 100.0, "percent_covered_display": "100", "missing_lines": 0, "excluded_lines": 0, "percent_statements_covered": 100.0, "percent_statements_covered_display": "100"}, "missing_lines": [], "excluded_lines": [], "start_line": 139}, "_restore": {"executed_lines": [164, 165, 166, 167, 168, 170, 171, 175, 177, 178, 179, 180, 181, 182, 183, 184], "summary": {"covered_lines": 16, "num_statements": 16, "percent_covered": 100.0, "percent_covered_display": "100", "missing_lines": 0, "excluded_lines": 0, "percent_statements_covered": 100.0, "percent_statements_covered_display": "100"}, "missing_lines": [], "excluded_lines": [], "start_line": 157}, "AIMarketTool.for_capability": {"executed_lines": [236, 245], "summary": {"covered_lines": 2, "num_statements": 3, "percent_covered": 66.66666666666667, "percent_covered_display": "67", "missing_lines": 1, "excluded_lines": 0, "percent_statements_covered": 66.66666666666667, "percent_statements_covered_display": "67"}, "missing_lines": [240], "excluded_lines": [], "start_line": 216}, "AIMarketTool._payload": {"executed_lines": [286, 287, 299, 305, 307], "summary": {"covered_lines": 5, "num_statements": 5, "percent_covered": 100.0, "percent_covered_display": "100", "missing_lines": 0, "excluded_lines": 0, "percent_statements_covered": 100.0, "percent_statements_covered_display": "100"}, "missing_lines": [], "excluded_lines": [], "start_line": 257}, "AIMarketTool._run": {"executed_lines": [316, 318, 319, 320, 324, 325, 330, 343, 344, 347, 354, 355, 359, 363], "summary": {"covered_lines": 14, "num_statements": 14, "percent_covered": 100.0, "percent_covered_display": "100", "missing_lines": 0, "excluded_lines": 0, "percent_statements_covered": 100.0, "percent_statements_covered_display": "100"}, "missing_lines": [], "excluded_lines": [], "start_line": 309}, "AIMarketTool.format_output_for_agent": {"executed_lines": [375, 376, 377, 380], "summary": {"covered_lines": 4, "num_statements": 4, "percent_covered": 100.0, "percent_covered_display": "100", "missing_lines": 0, "excluded_lines": 2, "percent_statements_covered": 100.0, "percent_statements_covered_display": "100"}, "missing_lines": [], "excluded_lines": [378, 379], "start_line": 365}, "aimarket_tools": {"executed_lines": [422, 423, 432, 433, 434, 438, 440, 441, 442, 443, 445, 450, 455, 457, 467, 476, 477, 478, 479, 480, 481, 482, 483, 484, 485, 489, 490, 500, 501, 502, 506, 508, 509, 514], "summary": {"covered_lines": 34, "num_statements": 38, "percent_covered": 89.47368421052632, "percent_covered_display": "89", "missing_lines": 4, "excluded_lines": 0, "percent_statements_covered": 89.47368421052632, "percent_statements_covered_display": "89"}, "missing_lines": [439, 461, 496, 507], "excluded_lines": [], "start_line": 383}, "": {"executed_lines": [56, 58, 59, 60, 61, 63, 64, 65, 66, 68, 69, 75, 77, 79, 82, 111, 128, 139, 157, 187, 201, 212, 213, 215, 216, 257, 309, 365, 383], "summary": {"covered_lines": 29, "num_statements": 29, "percent_covered": 100.0, "percent_covered_display": "100", "missing_lines": 0, "excluded_lines": 0, "percent_statements_covered": 100.0, "percent_statements_covered_display": "100"}, "missing_lines": [], "excluded_lines": [], "start_line": 1}}, "classes": {"AIMarketTool": {"executed_lines": [236, 245, 286, 287, 299, 305, 307, 316, 318, 319, 320, 324, 325, 330, 343, 344, 347, 354, 355, 359, 363, 375, 376, 377, 380], "summary": {"covered_lines": 25, "num_statements": 26, "percent_covered": 96.15384615384616, "percent_covered_display": "96", "missing_lines": 1, "excluded_lines": 2, "percent_statements_covered": 96.15384615384616, "percent_statements_covered_display": "96"}, "missing_lines": [240], "excluded_lines": [378, 379], "start_line": 187}, "": {"executed_lines": [56, 58, 59, 60, 61, 63, 64, 65, 66, 68, 69, 75, 77, 79, 82, 108, 111, 121, 123, 128, 130, 131, 132, 133, 134, 135, 136, 139, 150, 151, 152, 153, 154, 157, 164, 165, 166, 167, 168, 170, 171, 175, 177, 178, 179, 180, 181, 182, 183, 184, 187, 201, 212, 213, 215, 216, 257, 309, 365, 383, 422, 423, 432, 433, 434, 438, 440, 441, 442, 443, 445, 450, 455, 457, 467, 476, 477, 478, 479, 480, 481, 482, 483, 484, 485, 489, 490, 500, 501, 502, 506, 508, 509, 514], "summary": {"covered_lines": 94, "num_statements": 99, "percent_covered": 94.94949494949495, "percent_covered_display": "95", "missing_lines": 5, "excluded_lines": 0, "percent_statements_covered": 94.94949494949495, "percent_statements_covered_display": "95"}, "missing_lines": [122, 439, 461, 496, 507], "excluded_lines": [], "start_line": 1}}}, "aimarket_bridges/langchain.py": {"executed_lines": [86, 88, 89, 90, 92, 93, 95, 96, 98, 100, 103, 130, 133, 135, 140, 143, 157, 158, 160, 161, 162, 163, 166, 174, 175, 176, 177, 179, 183, 184, 186, 192, 215, 216, 217, 221, 222, 223, 224, 225, 230, 232, 233, 234, 238, 241, 258, 259, 263, 265, 275, 281, 286, 289, 297, 298, 312, 313, 314, 315, 316, 323, 324, 325, 328, 330, 343, 345, 346, 349, 362, 364, 375, 399, 427, 428, 432, 435, 437, 438, 439, 440, 441, 448, 451, 469, 471, 472, 474, 475, 497, 498, 502, 503, 510, 512, 514, 515, 516, 518, 519, 520, 522, 523, 526, 527, 529, 530, 532, 533], "summary": {"covered_lines": 110, "num_statements": 115, "percent_covered": 95.65217391304348, "percent_covered_display": "96", "missing_lines": 5, "excluded_lines": 2, "percent_statements_covered": 95.65217391304348, "percent_statements_covered_display": "96"}, "missing_lines": [159, 369, 442, 443, 524], "excluded_lines": [131, 132], "functions": {"_CapabilityTool._run": {"executed_lines": [133], "summary": {"covered_lines": 1, "num_statements": 1, "percent_covered": 100.0, "percent_covered_display": "100", "missing_lines": 0, "excluded_lines": 2, "percent_statements_covered": 100.0, "percent_statements_covered_display": "100"}, "missing_lines": [], "excluded_lines": [131, 132], "start_line": 130}, "_CapabilityTool._arun": {"executed_lines": [140], "summary": {"covered_lines": 1, "num_statements": 1, "percent_covered": 100.0, "percent_covered_display": "100", "missing_lines": 0, "excluded_lines": 0, "percent_statements_covered": 100.0, "percent_statements_covered_display": "100"}, "missing_lines": [], "excluded_lines": [], "start_line": 135}, "_args_schema_for": {"executed_lines": [157, 158, 160, 161, 162, 163], "summary": {"covered_lines": 6, "num_statements": 7, "percent_covered": 85.71428571428571, "percent_covered_display": "86", "missing_lines": 1, "excluded_lines": 0, "percent_statements_covered": 85.71428571428571, "percent_statements_covered_display": "86"}, "missing_lines": [159], "excluded_lines": [], "start_line": 143}, "_missing_required": {"executed_lines": [174, 175, 176, 177, 179, 186], "summary": {"covered_lines": 6, "num_statements": 6, "percent_covered": 100.0, "percent_covered_display": "100", "missing_lines": 0, "excluded_lines": 0, "percent_statements_covered": 100.0, "percent_statements_covered_display": "100"}, "missing_lines": [], "excluded_lines": [], "start_line": 166}, "_missing_required.has_default": {"executed_lines": [183, 184], "summary": {"covered_lines": 2, "num_statements": 2, "percent_covered": 100.0, "percent_covered_display": "100", "missing_lines": 0, "excluded_lines": 0, "percent_statements_covered": 100.0, "percent_statements_covered_display": "100"}, "missing_lines": [], "excluded_lines": [], "start_line": 179}, "_budget_for": {"executed_lines": [215, 216, 217, 221, 222, 223, 224, 225, 230, 232, 233, 234, 238], "summary": {"covered_lines": 13, "num_statements": 13, "percent_covered": 100.0, "percent_covered_display": "100", "missing_lines": 0, "excluded_lines": 0, "percent_statements_covered": 100.0, "percent_statements_covered_display": "100"}, "missing_lines": [], "excluded_lines": [], "start_line": 192}, "_capabilities_for": {"executed_lines": [258, 259, 263, 265, 275, 281, 286], "summary": {"covered_lines": 7, "num_statements": 7, "percent_covered": 100.0, "percent_covered_display": "100", "missing_lines": 0, "excluded_lines": 0, "percent_statements_covered": 100.0, "percent_statements_covered_display": "100"}, "missing_lines": [], "excluded_lines": [], "start_line": 241}, "_invoker": {"executed_lines": [297, 345, 346], "summary": {"covered_lines": 3, "num_statements": 3, "percent_covered": 100.0, "percent_covered_display": "100", "missing_lines": 0, "excluded_lines": 0, "percent_statements_covered": 100.0, "percent_statements_covered_display": "100"}, "missing_lines": [], "excluded_lines": [], "start_line": 289}, "_invoker.call": {"executed_lines": [298, 312, 313, 314, 315, 316, 323, 324, 325, 328, 330, 343], "summary": {"covered_lines": 12, "num_statements": 12, "percent_covered": 100.0, "percent_covered_display": "100", "missing_lines": 0, "excluded_lines": 0, "percent_statements_covered": 100.0, "percent_statements_covered_display": "100"}, "missing_lines": [], "excluded_lines": [], "start_line": 297}, "tool_for_capability": {"executed_lines": [362, 364, 375], "summary": {"covered_lines": 3, "num_statements": 4, "percent_covered": 75.0, "percent_covered_display": "75", "missing_lines": 1, "excluded_lines": 0, "percent_statements_covered": 75.0, "percent_statements_covered_display": "75"}, "missing_lines": [369], "excluded_lines": [], "start_line": 349}, "aimarket_tools": {"executed_lines": [427, 428, 432, 435, 437, 438, 439, 440, 441, 448], "summary": {"covered_lines": 10, "num_statements": 12, "percent_covered": 83.33333333333333, "percent_covered_display": "83", "missing_lines": 2, "excluded_lines": 0, "percent_statements_covered": 83.33333333333333, "percent_statements_covered_display": "83"}, "missing_lines": [442, 443], "excluded_lines": [], "start_line": 399}, "AIMarketToolkit.from_hub": {"executed_lines": [497, 498, 502, 503], "summary": {"covered_lines": 4, "num_statements": 4, "percent_covered": 100.0, "percent_covered_display": "100", "missing_lines": 0, "excluded_lines": 0, "percent_statements_covered": 100.0, "percent_statements_covered_display": "100"}, "missing_lines": [], "excluded_lines": [], "start_line": 475}, "AIMarketToolkit.get_tools": {"executed_lines": [512], "summary": {"covered_lines": 1, "num_statements": 1, "percent_covered": 100.0, "percent_covered_display": "100", "missing_lines": 0, "excluded_lines": 0, "percent_statements_covered": 100.0, "percent_statements_covered_display": "100"}, "missing_lines": [], "excluded_lines": [], "start_line": 510}, "AIMarketToolkit.spent_usd": {"executed_lines": [516], "summary": {"covered_lines": 1, "num_statements": 1, "percent_covered": 100.0, "percent_covered_display": "100", "missing_lines": 0, "excluded_lines": 0, "percent_statements_covered": 100.0, "percent_statements_covered_display": "100"}, "missing_lines": [], "excluded_lines": [], "start_line": 515}, "AIMarketToolkit.remaining_usd": {"executed_lines": [520], "summary": {"covered_lines": 1, "num_statements": 1, "percent_covered": 100.0, "percent_covered_display": "100", "missing_lines": 0, "excluded_lines": 0, "percent_statements_covered": 100.0, "percent_statements_covered_display": "100"}, "missing_lines": [], "excluded_lines": [], "start_line": 519}, "AIMarketToolkit.last_receipt": {"executed_lines": [], "summary": {"covered_lines": 0, "num_statements": 1, "percent_covered": 0.0, "percent_covered_display": "0", "missing_lines": 1, "excluded_lines": 0, "percent_statements_covered": 0.0, "percent_statements_covered_display": "0"}, "missing_lines": [524], "excluded_lines": [], "start_line": 523}, "AIMarketToolkit.close": {"executed_lines": [527], "summary": {"covered_lines": 1, "num_statements": 1, "percent_covered": 100.0, "percent_covered_display": "100", "missing_lines": 0, "excluded_lines": 0, "percent_statements_covered": 100.0, "percent_statements_covered_display": "100"}, "missing_lines": [], "excluded_lines": [], "start_line": 526}, "AIMarketToolkit.__enter__": {"executed_lines": [530], "summary": {"covered_lines": 1, "num_statements": 1, "percent_covered": 100.0, "percent_covered_display": "100", "missing_lines": 0, "excluded_lines": 0, "percent_statements_covered": 100.0, "percent_statements_covered_display": "100"}, "missing_lines": [], "excluded_lines": [], "start_line": 529}, "AIMarketToolkit.__exit__": {"executed_lines": [533], "summary": {"covered_lines": 1, "num_statements": 1, "percent_covered": 100.0, "percent_covered_display": "100", "missing_lines": 0, "excluded_lines": 0, "percent_statements_covered": 100.0, "percent_statements_covered_display": "100"}, "missing_lines": [], "excluded_lines": [], "start_line": 532}, "": {"executed_lines": [86, 88, 89, 90, 92, 93, 95, 96, 98, 100, 103, 130, 135, 143, 166, 192, 241, 289, 349, 399, 451, 469, 471, 472, 474, 475, 510, 514, 515, 518, 519, 522, 523, 526, 529, 532], "summary": {"covered_lines": 36, "num_statements": 36, "percent_covered": 100.0, "percent_covered_display": "100", "missing_lines": 0, "excluded_lines": 0, "percent_statements_covered": 100.0, "percent_statements_covered_display": "100"}, "missing_lines": [], "excluded_lines": [], "start_line": 1}}, "classes": {"_CapabilityTool": {"executed_lines": [133, 140], "summary": {"covered_lines": 2, "num_statements": 2, "percent_covered": 100.0, "percent_covered_display": "100", "missing_lines": 0, "excluded_lines": 2, "percent_statements_covered": 100.0, "percent_statements_covered_display": "100"}, "missing_lines": [], "excluded_lines": [131, 132], "start_line": 103}, "AIMarketToolkit": {"executed_lines": [497, 498, 502, 503, 512, 516, 520, 527, 530, 533], "summary": {"covered_lines": 10, "num_statements": 11, "percent_covered": 90.9090909090909, "percent_covered_display": "91", "missing_lines": 1, "excluded_lines": 0, "percent_statements_covered": 90.9090909090909, "percent_statements_covered_display": "91"}, "missing_lines": [524], "excluded_lines": [], "start_line": 451}, "": {"executed_lines": [86, 88, 89, 90, 92, 93, 95, 96, 98, 100, 103, 130, 135, 143, 157, 158, 160, 161, 162, 163, 166, 174, 175, 176, 177, 179, 183, 184, 186, 192, 215, 216, 217, 221, 222, 223, 224, 225, 230, 232, 233, 234, 238, 241, 258, 259, 263, 265, 275, 281, 286, 289, 297, 298, 312, 313, 314, 315, 316, 323, 324, 325, 328, 330, 343, 345, 346, 349, 362, 364, 375, 399, 427, 428, 432, 435, 437, 438, 439, 440, 441, 448, 451, 469, 471, 472, 474, 475, 510, 514, 515, 518, 519, 522, 523, 526, 529, 532], "summary": {"covered_lines": 98, "num_statements": 102, "percent_covered": 96.07843137254902, "percent_covered_display": "96", "missing_lines": 4, "excluded_lines": 0, "percent_statements_covered": 96.07843137254902, "percent_statements_covered_display": "96"}, "missing_lines": [159, 369, 442, 443], "excluded_lines": [], "start_line": 1}}}, "aimarket_bridges/receipts.py": {"executed_lines": [32, 34, 35, 36, 37, 38, 39, 41, 43, 45, 47, 50, 51, 60, 61, 62, 63, 65, 67, 68, 72, 73, 76, 77, 78, 81, 109, 110, 111, 112, 113, 114, 117, 118, 119, 120, 121, 124, 135, 137, 139, 140, 141, 142, 144, 145, 148, 149, 151, 152, 153, 157, 158, 162, 165, 171, 173, 180, 181, 182, 183, 184, 191, 192, 196, 197, 204, 206, 214, 215, 216, 217, 218, 219, 220, 221, 222, 223, 225, 227, 228, 231, 232, 233, 234, 235, 236, 237, 239, 240, 241, 242, 243, 244, 245, 246, 247, 248, 249, 250, 251, 252, 254, 255, 256, 257, 261, 262, 263, 264, 265, 269, 285, 288, 289, 290, 291, 293, 294, 298, 299, 306, 313, 314, 315, 321, 323], "summary": {"covered_lines": 127, "num_statements": 140, "percent_covered": 90.71428571428571, "percent_covered_display": "91", "missing_lines": 13, "excluded_lines": 2, "percent_statements_covered": 90.71428571428571, "percent_statements_covered_display": "91"}, "missing_lines": [69, 136, 154, 155, 203, 229, 286, 300, 303, 307, 324, 325, 326], "excluded_lines": [295, 296], "functions": {"ReceiptCheck.trustworthy": {"executed_lines": [], "summary": {"covered_lines": 0, "num_statements": 1, "percent_covered": 0.0, "percent_covered_display": "0", "missing_lines": 1, "excluded_lines": 0, "percent_statements_covered": 0.0, "percent_statements_covered_display": "0"}, "missing_lines": [69], "excluded_lines": [], "start_line": 68}, "_normalise_origin": {"executed_lines": [109, 110, 111, 112, 113, 114, 117, 118, 119, 120, 121], "summary": {"covered_lines": 11, "num_statements": 11, "percent_covered": 100.0, "percent_covered_display": "100", "missing_lines": 0, "excluded_lines": 0, "percent_statements_covered": 100.0, "percent_statements_covered_display": "100"}, "missing_lines": [], "excluded_lines": [], "start_line": 81}, "_binding_mismatch": {"executed_lines": [135, 137, 139, 140, 141, 142, 144, 145, 148, 149, 151, 152, 153, 157, 158, 162], "summary": {"covered_lines": 16, "num_statements": 19, "percent_covered": 84.21052631578948, "percent_covered_display": "84", "missing_lines": 3, "excluded_lines": 0, "percent_statements_covered": 84.21052631578948, "percent_statements_covered_display": "84"}, "missing_lines": [136, 154, 155], "excluded_lines": [], "start_line": 124}, "OriginKeyResolver.__init__": {"executed_lines": [180, 181, 182, 183, 184, 191, 192], "summary": {"covered_lines": 7, "num_statements": 7, "percent_covered": 100.0, "percent_covered_display": "100", "missing_lines": 0, "excluded_lines": 0, "percent_statements_covered": 100.0, "percent_statements_covered_display": "100"}, "missing_lines": [], "excluded_lines": [], "start_line": 173}, "OriginKeyResolver._http": {"executed_lines": [197, 204], "summary": {"covered_lines": 2, "num_statements": 3, "percent_covered": 66.66666666666667, "percent_covered_display": "67", "missing_lines": 1, "excluded_lines": 0, "percent_statements_covered": 66.66666666666667, "percent_statements_covered_display": "67"}, "missing_lines": [203], "excluded_lines": [], "start_line": 196}, "OriginKeyResolver._candidate_urls": {"executed_lines": [214, 215, 216, 217, 218, 219, 220, 221, 222, 223], "summary": {"covered_lines": 10, "num_statements": 10, "percent_covered": 100.0, "percent_covered_display": "100", "missing_lines": 0, "excluded_lines": 0, "percent_statements_covered": 100.0, "percent_statements_covered_display": "100"}, "missing_lines": [], "excluded_lines": [], "start_line": 206}, "OriginKeyResolver.key_for": {"executed_lines": [227, 228, 231, 232, 233, 234, 235, 236, 237, 239, 240, 241, 242, 243, 244, 245, 246, 247, 248, 249, 250, 251, 252, 254, 255, 256, 257, 261, 262, 263, 264, 265], "summary": {"covered_lines": 32, "num_statements": 33, "percent_covered": 96.96969696969697, "percent_covered_display": "97", "missing_lines": 1, "excluded_lines": 0, "percent_statements_covered": 96.96969696969697, "percent_statements_covered_display": "97"}, "missing_lines": [229], "excluded_lines": [], "start_line": 225}, "OriginKeyResolver.check": {"executed_lines": [285, 288, 289, 290, 291, 293, 294, 298, 299, 306, 313, 314, 315, 321], "summary": {"covered_lines": 14, "num_statements": 18, "percent_covered": 77.77777777777777, "percent_covered_display": "78", "missing_lines": 4, "excluded_lines": 2, "percent_statements_covered": 77.77777777777777, "percent_statements_covered_display": "78"}, "missing_lines": [286, 300, 303, 307], "excluded_lines": [295, 296], "start_line": 269}, "OriginKeyResolver.close": {"executed_lines": [], "summary": {"covered_lines": 0, "num_statements": 3, "percent_covered": 0.0, "percent_covered_display": "0", "missing_lines": 3, "excluded_lines": 0, "percent_statements_covered": 0.0, "percent_statements_covered_display": "0"}, "missing_lines": [324, 325, 326], "excluded_lines": [], "start_line": 323}, "": {"executed_lines": [32, 34, 35, 36, 37, 38, 39, 41, 43, 45, 47, 50, 51, 60, 61, 62, 63, 65, 67, 68, 72, 73, 76, 77, 78, 81, 124, 165, 171, 173, 196, 206, 225, 269, 323], "summary": {"covered_lines": 35, "num_statements": 35, "percent_covered": 100.0, "percent_covered_display": "100", "missing_lines": 0, "excluded_lines": 0, "percent_statements_covered": 100.0, "percent_statements_covered_display": "100"}, "missing_lines": [], "excluded_lines": [], "start_line": 1}}, "classes": {"ReceiptCheck": {"executed_lines": [], "summary": {"covered_lines": 0, "num_statements": 1, "percent_covered": 0.0, "percent_covered_display": "0", "missing_lines": 1, "excluded_lines": 0, "percent_statements_covered": 0.0, "percent_statements_covered_display": "0"}, "missing_lines": [69], "excluded_lines": [], "start_line": 51}, "Expected": {"executed_lines": [], "summary": {"covered_lines": 0, "num_statements": 0, "percent_covered": 100.0, "percent_covered_display": "100", "missing_lines": 0, "excluded_lines": 0, "percent_statements_covered": 100.0, "percent_statements_covered_display": "100"}, "missing_lines": [], "excluded_lines": [], "start_line": 73}, "OriginKeyResolver": {"executed_lines": [180, 181, 182, 183, 184, 191, 192, 197, 204, 214, 215, 216, 217, 218, 219, 220, 221, 222, 223, 227, 228, 231, 232, 233, 234, 235, 236, 237, 239, 240, 241, 242, 243, 244, 245, 246, 247, 248, 249, 250, 251, 252, 254, 255, 256, 257, 261, 262, 263, 264, 265, 285, 288, 289, 290, 291, 293, 294, 298, 299, 306, 313, 314, 315, 321], "summary": {"covered_lines": 65, "num_statements": 74, "percent_covered": 87.83783783783784, "percent_covered_display": "88", "missing_lines": 9, "excluded_lines": 2, "percent_statements_covered": 87.83783783783784, "percent_statements_covered_display": "88"}, "missing_lines": [203, 229, 286, 300, 303, 307, 324, 325, 326], "excluded_lines": [295, 296], "start_line": 165}, "": {"executed_lines": [32, 34, 35, 36, 37, 38, 39, 41, 43, 45, 47, 50, 51, 60, 61, 62, 63, 65, 67, 68, 72, 73, 76, 77, 78, 81, 109, 110, 111, 112, 113, 114, 117, 118, 119, 120, 121, 124, 135, 137, 139, 140, 141, 142, 144, 145, 148, 149, 151, 152, 153, 157, 158, 162, 165, 171, 173, 196, 206, 225, 269, 323], "summary": {"covered_lines": 62, "num_statements": 65, "percent_covered": 95.38461538461539, "percent_covered_display": "95", "missing_lines": 3, "excluded_lines": 0, "percent_statements_covered": 95.38461538461539, "percent_statements_covered_display": "95"}, "missing_lines": [136, 154, 155], "excluded_lines": [], "start_line": 1}}}, "aimarket_bridges/schema.py": {"executed_lines": [50, 52, 53, 54, 56, 58, 61, 67, 71, 77, 80, 89, 91, 94, 96, 97, 99, 100, 101, 104, 111, 116, 117, 120, 126, 127, 128, 133, 134, 135, 136, 137, 138, 142, 143, 144, 146, 148, 150, 153, 154, 156, 158, 160, 162, 164, 165, 167, 168, 169, 173, 175, 176, 177, 178, 179, 184, 204, 205, 206, 207, 208, 209, 210, 211, 212, 216, 218, 219, 220, 223, 224, 231, 233, 234, 235, 236, 237, 240, 247, 250, 251, 254, 256, 257, 259, 260, 261, 262, 263, 264, 265, 266, 272, 273, 278, 283, 290, 292, 293, 295, 296, 297, 298, 299, 301, 303, 304, 305, 306, 307, 309, 310], "summary": {"covered_lines": 113, "num_statements": 128, "percent_covered": 88.28125, "percent_covered_display": "88", "missing_lines": 15, "excluded_lines": 0, "percent_statements_covered": 88.28125, "percent_statements_covered_display": "88"}, "missing_lines": [98, 112, 141, 145, 147, 157, 159, 161, 172, 181, 213, 248, 294, 300, 302], "excluded_lines": [], "functions": {"_safe_name": {"executed_lines": [96, 97, 99, 100, 101], "summary": {"covered_lines": 5, "num_statements": 6, "percent_covered": 83.33333333333333, "percent_covered_display": "83", "missing_lines": 1, "excluded_lines": 0, "percent_statements_covered": 83.33333333333333, "percent_statements_covered_display": "83"}, "missing_lines": [98], "excluded_lines": [], "start_line": 94}, "python_type_for": {"executed_lines": [111, 116, 117, 120, 126, 127, 128, 133, 134, 135, 136, 137, 138, 142, 143, 144, 146, 148, 150, 153, 154, 156, 158, 160, 162, 164, 165, 167, 168, 169, 173, 175, 176, 177, 178, 179], "summary": {"covered_lines": 36, "num_statements": 45, "percent_covered": 80.0, "percent_covered_display": "80", "missing_lines": 9, "excluded_lines": 0, "percent_statements_covered": 80.0, "percent_statements_covered_display": "80"}, "missing_lines": [112, 141, 145, 147, 157, 159, 161, 172, 181], "excluded_lines": [], "start_line": 104}, "_unique_field_name": {"executed_lines": [204, 205, 206, 207, 208, 209, 210, 211, 212], "summary": {"covered_lines": 9, "num_statements": 10, "percent_covered": 90.0, "percent_covered_display": "90", "missing_lines": 1, "excluded_lines": 0, "percent_statements_covered": 90.0, "percent_statements_covered_display": "90"}, "missing_lines": [213], "excluded_lines": [], "start_line": 184}, "_field_for": {"executed_lines": [218, 219, 220, 223, 224, 231, 233, 234, 235, 236, 237], "summary": {"covered_lines": 11, "num_statements": 11, "percent_covered": 100.0, "percent_covered_display": "100", "missing_lines": 0, "excluded_lines": 0, "percent_statements_covered": 100.0, "percent_statements_covered_display": "100"}, "missing_lines": [], "excluded_lines": [], "start_line": 216}, "model_from_schema": {"executed_lines": [247, 250, 251, 254, 256, 257, 259, 260, 261, 262, 263, 264, 265, 266, 272, 273, 278], "summary": {"covered_lines": 17, "num_statements": 18, "percent_covered": 94.44444444444444, "percent_covered_display": "94", "missing_lines": 1, "excluded_lines": 0, "percent_statements_covered": 94.44444444444444, "percent_statements_covered_display": "94"}, "missing_lines": [248], "excluded_lines": [], "start_line": 240}, "unsupported_keywords": {"executed_lines": [290, 292, 309, 310], "summary": {"covered_lines": 4, "num_statements": 4, "percent_covered": 100.0, "percent_covered_display": "100", "missing_lines": 0, "excluded_lines": 0, "percent_statements_covered": 100.0, "percent_statements_covered_display": "100"}, "missing_lines": [], "excluded_lines": [], "start_line": 283}, "unsupported_keywords.walk": {"executed_lines": [293, 295, 296, 297, 298, 299, 301, 303, 304, 305, 306, 307], "summary": {"covered_lines": 12, "num_statements": 15, "percent_covered": 80.0, "percent_covered_display": "80", "missing_lines": 3, "excluded_lines": 0, "percent_statements_covered": 80.0, "percent_statements_covered_display": "80"}, "missing_lines": [294, 300, 302], "excluded_lines": [], "start_line": 292}, "": {"executed_lines": [50, 52, 53, 54, 56, 58, 61, 67, 71, 77, 80, 89, 91, 94, 104, 184, 216, 240, 283], "summary": {"covered_lines": 19, "num_statements": 19, "percent_covered": 100.0, "percent_covered_display": "100", "missing_lines": 0, "excluded_lines": 0, "percent_statements_covered": 100.0, "percent_statements_covered_display": "100"}, "missing_lines": [], "excluded_lines": [], "start_line": 1}}, "classes": {"SchemaError": {"executed_lines": [], "summary": {"covered_lines": 0, "num_statements": 0, "percent_covered": 100.0, "percent_covered_display": "100", "missing_lines": 0, "excluded_lines": 0, "percent_statements_covered": 100.0, "percent_statements_covered_display": "100"}, "missing_lines": [], "excluded_lines": [], "start_line": 61}, "": {"executed_lines": [50, 52, 53, 54, 56, 58, 61, 67, 71, 77, 80, 89, 91, 94, 96, 97, 99, 100, 101, 104, 111, 116, 117, 120, 126, 127, 128, 133, 134, 135, 136, 137, 138, 142, 143, 144, 146, 148, 150, 153, 154, 156, 158, 160, 162, 164, 165, 167, 168, 169, 173, 175, 176, 177, 178, 179, 184, 204, 205, 206, 207, 208, 209, 210, 211, 212, 216, 218, 219, 220, 223, 224, 231, 233, 234, 235, 236, 237, 240, 247, 250, 251, 254, 256, 257, 259, 260, 261, 262, 263, 264, 265, 266, 272, 273, 278, 283, 290, 292, 293, 295, 296, 297, 298, 299, 301, 303, 304, 305, 306, 307, 309, 310], "summary": {"covered_lines": 113, "num_statements": 128, "percent_covered": 88.28125, "percent_covered_display": "88", "missing_lines": 15, "excluded_lines": 0, "percent_statements_covered": 88.28125, "percent_statements_covered_display": "88"}, "missing_lines": [98, 112, 141, 145, 147, 157, 159, 161, 172, 181, 213, 248, 294, 300, 302], "excluded_lines": [], "start_line": 1}}}}, "totals": {"covered_lines": 874, "num_statements": 933, "percent_covered": 93.67631296891747, "percent_covered_display": "94", "missing_lines": 59, "excluded_lines": 8, "percent_statements_covered": 93.67631296891747, "percent_statements_covered_display": "94"}}